<?xml version="1.0" encoding="UTF-8"?>
<testng-results skipped="0" failed="0" ignored="0" total="1" passed="1">
  <reporter-output>
  </reporter-output>
  <suite name="Default suite" duration-ms="16735" started-at="2019-05-21T06:53:01Z" finished-at="2019-05-21T06:53:18Z">
    <groups>
    </groups>
    <test name="Default test" duration-ms="16735" started-at="2019-05-21T06:53:01Z" finished-at="2019-05-21T06:53:18Z">
      <class name="test.FlightBookingTest">
        <test-method status="PASS" signature="setup()[pri:0, instance:test.FlightBookingTest@7f9a81e8]" name="setup" is-config="true" duration-ms="8209" started-at="2019-05-21T12:23:01Z" finished-at="2019-05-21T12:23:10Z">
          <reporter-output>
          </reporter-output>
        </test-method> <!-- setup -->
        <test-method status="PASS" signature="testFlightBooking()[pri:0, instance:test.FlightBookingTest@7f9a81e8]" name="testFlightBooking" duration-ms="7285" started-at="2019-05-21T12:23:10Z" finished-at="2019-05-21T12:23:17Z">
          <reporter-output>
          </reporter-output>
        </test-method> <!-- testFlightBooking -->
        <test-method status="PASS" signature="quitBrowser()[pri:0, instance:test.FlightBookingTest@7f9a81e8]" name="quitBrowser" is-config="true" duration-ms="1206" started-at="2019-05-21T12:23:17Z" finished-at="2019-05-21T12:23:18Z">
          <reporter-output>
          </reporter-output>
        </test-method> <!-- quitBrowser -->
      </class> <!-- test.FlightBookingTest -->
    </test> <!-- Default test -->
  </suite> <!-- Default suite -->
</testng-results>
